2025-04-21 23:49:56 --> conftest.py [line:113] --> ERROR --> {
    "module": "test\\case\\test_index.py",
    "function": "test_search[\\u6d4b\\u8bd5\\u662f\\u4ec0\\u4e48]",
    "line": 15,
    "message": "unconditional skip"
}
2025-04-21 23:49:56 --> conftest.py [line:48 ] --> INFO  --> Starting test: test_login[test_user-test_password]
2025-04-21 23:49:56 --> logger.py  [line:11 ] --> INFO  --> ====== WebDriver manager ======
2025-04-21 23:49:57 --> logger.py  [line:11 ] --> INFO  --> Get LATEST chromedriver version for google-chrome
2025-04-21 23:49:57 --> logger.py  [line:11 ] --> INFO  --> Get LATEST chromedriver version for google-chrome
2025-04-21 23:49:57 --> logger.py  [line:11 ] --> INFO  --> Driver [C:\Users\16783\.wdm\drivers\chromedriver\win64\135.0.7049.95\chromedriver-win32/chromedriver.exe] found in cache
2025-04-21 23:50:06 --> conftest.py [line:54 ] --> INFO  --> Test completed: test_login[test_user-test_password], Result: FAILED
2025-04-21 23:50:06 --> conftest.py [line:48 ] --> INFO  --> Starting test: test_login[-test_password]
2025-04-21 23:50:06 --> logger.py  [line:11 ] --> INFO  --> ====== WebDriver manager ======
2025-04-21 23:50:07 --> logger.py  [line:11 ] --> INFO  --> Get LATEST chromedriver version for google-chrome
2025-04-21 23:50:09 --> logger.py  [line:11 ] --> INFO  --> Get LATEST chromedriver version for google-chrome
2025-04-21 23:50:14 --> logger.py  [line:11 ] --> INFO  --> Driver [C:\Users\16783\.wdm\drivers\chromedriver\win64\135.0.7049.95\chromedriver-win32/chromedriver.exe] found in cache
2025-04-21 23:50:23 --> conftest.py [line:54 ] --> INFO  --> Test completed: test_login[-test_password], Result: FAILED
